<?xml version="1.0" encoding="utf-8"?><testsuites name="pytest tests"><testsuite name="pytest" errors="0" failures="0" skipped="0" tests="42" time="3.880" timestamp="2026-08-10T13:48:05.795592+08:00" hostname="DESKTOP-NNE313K"><testcase classname="tests.test_mdc_hf_surrogate_v3_plan_freeze_v1" name="test_plan_freeze_has_no_solver_or_training_calls" time="0.001" /><testcase classname="tests.test_mdc_hf_surrogate_v3_plan_freeze_v1" name="test_al64_contract_is_stratified_and_outcome_free" time="0.001" /><testcase classname="tests.test_mdc_hf_surrogate_v3_plan_freeze_v1" name="test_v3_test40_is_independent_and_frozen_before_training" time="0.001" /><testcase classname="tests.test_mdc_hf_surrogate_v3_plan_freeze_v1" name="test_profile_only_candidates_and_duration_are_preregistered" time="0.001" /><testcase classname="tests.test_mdc_hf_surrogate_v3_plan_freeze_v1" name="test_no_v2_final_epoch_three_inheritance" time="0.001" /><testcase classname="tests.test_mdc_hf_surrogate_v3_plan_freeze_v1" name="test_lightweight_contracts_are_published_to_tracked_contract_directory" time="0.001" /><testcase classname="tests.test_mdc_lumerical_2d_monitor_contract_v1" name="test_outward_signs_no_abs" time="0.001" /><testcase classname="tests.test_mdc_lumerical_2d_monitor_contract_v1" name="test_monitor_types_and_direct_poynting_present" time="0.001" /><testcase classname="tests.test_mdc_lumerical_2d_monitor_contract_v1" name="test_noncanonical_sources_not_used" time="0.001" /><testcase classname="tests.test_mdc_lumerical_2d_monitor_contract_v1" name="test_broadband_line_flux_integrates_spatial_axis_only" time="0.001" /><testcase classname="tests.test_mdc_lumerical_2d_monitor_contract_v1" name="test_broadband_monitor_uses_validated_source_limits_contract" time="0.001" /><testcase classname="tests.test_mdc_hf_surrogate_v2_pilot4_joint_profile.Pilot4JointProfileTest" name="test_authorization_and_solver_counts" time="0.001" /><testcase classname="tests.test_mdc_hf_surrogate_v2_pilot4_joint_profile.Pilot4JointProfileTest" name="test_final_gate_and_guards" time="0.001" /><testcase classname="tests.test_mdc_hf_surrogate_v2_pilot4_joint_profile.Pilot4JointProfileTest" name="test_joint_quality_and_aggregation" time="0.001" /><testcase classname="tests.test_mdc_hf_surrogate_v2_pilot4_joint_profile.Pilot4JointProfileTest" name="test_smoke_replays_and_np" time="0.001" /><testcase classname="tests.test_mdc_hf_surrogate_v3_training_readiness_v1" name="test_readiness_loader_validates_136_816_and_marks_al64_pending" time="0.024" /><testcase classname="tests.test_mdc_hf_surrogate_v3_training_readiness_v1" name="test_v3_test40_guard_allows_only_lock_metadata_and_rejects_truth_paths" time="0.027" /><testcase classname="tests.test_mdc_hf_surrogate_v3_training_readiness_v1" name="test_candidate_registry_is_deterministic_and_profile_only" time="0.001" /><testcase classname="tests.test_mdc_hf_surrogate_v3_training_readiness_v1" name="test_candidate_models_are_pure_forward_structural_outputs" time="3.055" /><testcase classname="tests.test_mdc_hf_surrogate_v3_training_readiness_v1" name="test_profile_loss_exact_weights_finite_and_no_power_load_bearing" time="0.037" /><testcase classname="tests.test_mdc_hf_surrogate_v3_training_readiness_v1" name="test_profile_loss_torch_definition_is_differentiable_without_backward" time="0.006" /><testcase classname="tests.test_mdc_hf_surrogate_v3_training_readiness_v1" name="test_outer_and_inner_geometry_grouped_splits_have_no_leakage" time="0.009" /><testcase classname="tests.test_mdc_hf_surrogate_v3_training_readiness_v1" name="test_duration_guards_reject_short_outer_or_legacy_epoch_three" time="0.002" /><testcase classname="tests.test_mdc_hf_surrogate_v3_training_readiness_v1" name="test_fit_budget_hard_caps_45_unique_identities" time="0.003" /><testcase classname="tests.test_mdc_hf_surrogate_v3_training_readiness_v1" name="test_execution_state_machine_is_deterministic_and_non_dispatching" time="0.001" /><testcase classname="tests.test_mdc_hf_surrogate_v3_training_readiness_v1" name="test_anti_collapse_metrics_are_computable_and_thresholds_not_invented" time="0.018" /><testcase classname="tests.test_mdc_hf_surrogate_v3_training_readiness_v1" name="test_pca_scaler_membership_guard_blocks_outer_held_out_leakage" time="0.001" /><testcase classname="tests.test_mdc_hf_surrogate_v3_training_readiness_v1" name="test_pending_readiness_gate_and_zero_counters" time="0.035" /><testcase classname="tests.test_mdc_hf_surrogate_v3_training_readiness_v1" name="test_development_loader_roles_exclude_v3_test40" time="0.029" /><testcase classname="tests.test_mdc_hf_surrogate_v3_oof_promotion_policy_v1" name="test_policy_contract_is_frozen_and_profile_only" time="0.001" /><testcase classname="tests.test_mdc_hf_surrogate_v3_oof_promotion_policy_v1" name="test_collapse_threshold_is_inherited_and_reported" time="0.001" /><testcase classname="tests.test_mdc_hf_surrogate_v3_oof_promotion_policy_v1" name="test_power_and_auxiliary_fields_cannot_change_primary_score" time="0.001" /><testcase classname="tests.test_mdc_hf_surrogate_v3_oof_promotion_policy_v1" name="test_geometry_level_selection_ignores_case_level_mean" time="0.002" /><testcase classname="tests.test_mdc_hf_surrogate_v3_oof_promotion_policy_v1" name="test_tie_break_order_is_deterministic_worst_topology_before_other_fields" time="0.002" /><testcase classname="tests.test_mdc_hf_surrogate_v3_oof_promotion_policy_v1" name="test_catastrophic_candidate_cannot_be_promoted_over_eligible_candidate" time="0.002" /><testcase classname="tests.test_mdc_hf_surrogate_v3_oof_promotion_policy_v1" name="test_all_catastrophic_candidates_return_none" time="0.001" /><testcase classname="tests.test_mdc_hf_surrogate_v3_oof_promotion_policy_v1" name="test_incomplete_fit_matrix_cannot_be_selected" time="0.001" /><testcase classname="tests.test_mdc_hf_surrogate_v3_oof_promotion_policy_v1" name="test_worst_strata_reference_emits_warning_without_automatic_rejection" time="0.002" /><testcase classname="tests.test_mdc_hf_surrogate_v3_oof_promotion_policy_v1" name="test_global_contract_or_sealed_gate_returns_none" time="0.001" /><testcase classname="tests.test_mdc_hf_surrogate_v3_oof_promotion_policy_v1" name="test_v3_test40_assertion_is_metadata_only_and_labels_zero" time="0.002" /><testcase classname="tests.test_mdc_hf_surrogate_v3_oof_promotion_policy_v1" name="test_known_failure_reference_is_fixed_v2_development_only" time="0.003" /><testcase classname="tests.test_mdc_hf_surrogate_v3_oof_promotion_policy_v1" name="test_final_epoch_remains_explicitly_unfrozen_and_training_not_authorized" time="0.006" /></testsuite></testsuites>